<?xml version="1.0" encoding="UTF-8"?>
<!-- Generated by org.testng.reporters.JUnitReportReporter -->
<testsuite hostname="Lenovo-PC" name="com.spring.test.dao.EmployeeDaoImplTest" tests="6" failures="0" timestamp="17 Feb 2016 14:59:00 GMT" time="0.876" errors="0">
  <testcase name="deleteEmployeeBySsn" time="0.018" classname="com.spring.test.dao.EmployeeDaoImplTest"/>
  <testcase name="findEmployeeBySsn" time="0.079" classname="com.spring.test.dao.EmployeeDaoImplTest"/>
  <testcase name="findAllEmployees" time="0.030" classname="com.spring.test.dao.EmployeeDaoImplTest"/>
  <testcase name="saveEmployee" time="0.373" classname="com.spring.test.dao.EmployeeDaoImplTest"/>
  <testcase name="findById" time="0.046" classname="com.spring.test.dao.EmployeeDaoImplTest"/>
  <testcase name="deleteEmployeeByInvalidSsn" time="0.330" classname="com.spring.test.dao.EmployeeDaoImplTest"/>
</testsuite> <!-- com.spring.test.dao.EmployeeDaoImplTest -->
