<?xml version="1.0" encoding="UTF-8"?>
<!-- Generated by org.testng.reporters.JUnitReportReporter -->
<testsuite hostname="Lenovo-PC" name="com.spring.dev.controller.AppControllerTest" tests="10" failures="0" timestamp="17 Feb 2016 14:35:07 GMT" time="0.235" errors="0">
  <testcase name="editEmployee" time="0.063" classname="com.spring.dev.controller.AppControllerTest"/>
  <testcase name="newEmployee" time="0.000" classname="com.spring.dev.controller.AppControllerTest"/>
  <testcase name="saveEmployeeWithValidationError" time="0.000" classname="com.spring.dev.controller.AppControllerTest"/>
  <testcase name="saveEmployeeWithSuccess" time="0.000" classname="com.spring.dev.controller.AppControllerTest"/>
  <testcase name="updateEmployeeWithSuccess" time="0.000" classname="com.spring.dev.controller.AppControllerTest"/>
  <testcase name="updateEmployeeWithValidationError" time="0.000" classname="com.spring.dev.controller.AppControllerTest"/>
  <testcase name="listEmployees" time="0.000" classname="com.spring.dev.controller.AppControllerTest"/>
  <testcase name="updateEmployeeWithValidationErrorNonUniqueSSN" time="0.000" classname="com.spring.dev.controller.AppControllerTest"/>
  <testcase name="deleteEmployee" time="0.156" classname="com.spring.dev.controller.AppControllerTest"/>
  <testcase name="saveEmployeeWithValidationErrorNonUniqueSSN" time="0.016" classname="com.spring.dev.controller.AppControllerTest"/>
</testsuite> <!-- com.spring.dev.controller.AppControllerTest -->
