<?xml version="1.0" encoding="UTF-8"?>
<!-- Generated by org.testng.reporters.JUnitReportReporter -->
<testsuite hostname="Lenovo-PC" name="com.spring.test.service.EmployeeServiceImplTest" tests="7" failures="0" timestamp="17 Feb 2016 14:45:57 GMT" time="0.055" errors="0">
  <testcase name="deleteEmployeeBySsn" time="0.036" classname="com.spring.test.service.EmployeeServiceImplTest"/>
  <testcase name="findById" time="0.003" classname="com.spring.test.service.EmployeeServiceImplTest"/>
  <testcase name="saveEmployee" time="0.002" classname="com.spring.test.service.EmployeeServiceImplTest"/>
  <testcase name="findAllEmployees" time="0.008" classname="com.spring.test.service.EmployeeServiceImplTest"/>
  <testcase name="updateEmployee" time="0.001" classname="com.spring.test.service.EmployeeServiceImplTest"/>
  <testcase name="findEmployeeBySsn" time="0.003" classname="com.spring.test.service.EmployeeServiceImplTest"/>
  <testcase name="isEmployeeSsnUnique" time="0.002" classname="com.spring.test.service.EmployeeServiceImplTest"/>
</testsuite> <!-- com.spring.test.service.EmployeeServiceImplTest -->
