<?xml version="1.0" encoding="UTF-8"?>
<!-- Generated by org.testng.reporters.JUnitReportReporter -->
<testsuite hostname="Lenovo-PC" name="com.spring.test.dao.EmployeeDaoImplTest" tests="6" failures="0" timestamp="17 Feb 2016 15:02:22 GMT" time="0.756" errors="0">
  <testcase name="findById" time="0.070" classname="com.spring.test.dao.EmployeeDaoImplTest"/>
  <testcase name="saveEmployee" time="0.053" classname="com.spring.test.dao.EmployeeDaoImplTest"/>
  <testcase name="deleteEmployeeBySsn" time="0.230" classname="com.spring.test.dao.EmployeeDaoImplTest"/>
  <testcase name="deleteEmployeeByInvalidSsn" time="0.150" classname="com.spring.test.dao.EmployeeDaoImplTest"/>
  <testcase name="findAllEmployees" time="0.056" classname="com.spring.test.dao.EmployeeDaoImplTest"/>
  <testcase name="findEmployeeBySsn" time="0.197" classname="com.spring.test.dao.EmployeeDaoImplTest"/>
</testsuite> <!-- com.spring.test.dao.EmployeeDaoImplTest -->
