<?xml version="1.0" encoding="UTF-8"?>
<!-- Generated by org.testng.reporters.JUnitReportReporter -->
<testsuite hostname="Lenovo-PC" name="com.spring.test.controller.AppControllerTest" tests="10" failures="0" timestamp="17 Feb 2016 15:02:22 GMT" time="0.082" errors="0">
  <testcase name="deleteEmployee" time="0.010" classname="com.spring.test.controller.AppControllerTest"/>
  <testcase name="newEmployee" time="0.000" classname="com.spring.test.controller.AppControllerTest"/>
  <testcase name="saveEmployeeWithValidationErrorNonUniqueSSN" time="0.002" classname="com.spring.test.controller.AppControllerTest"/>
  <testcase name="saveEmployeeWithValidationError" time="0.006" classname="com.spring.test.controller.AppControllerTest"/>
  <testcase name="updateEmployeeWithValidationError" time="0.000" classname="com.spring.test.controller.AppControllerTest"/>
  <testcase name="listEmployees" time="0.009" classname="com.spring.test.controller.AppControllerTest"/>
  <testcase name="updateEmployeeWithValidationErrorNonUniqueSSN" time="0.002" classname="com.spring.test.controller.AppControllerTest"/>
  <testcase name="editEmployee" time="0.051" classname="com.spring.test.controller.AppControllerTest"/>
  <testcase name="saveEmployeeWithSuccess" time="0.002" classname="com.spring.test.controller.AppControllerTest"/>
  <testcase name="updateEmployeeWithSuccess" time="0.000" classname="com.spring.test.controller.AppControllerTest"/>
</testsuite> <!-- com.spring.test.controller.AppControllerTest -->
