<?xml version="1.0" encoding="UTF-8"?>
<!-- Generated by org.testng.reporters.JUnitReportReporter -->
<testsuite hostname="Lenovo-PC" name="com.spring.test.service.EmployeeServiceImplTest" tests="7" failures="0" timestamp="17 Feb 2016 15:02:22 GMT" time="0.017" errors="0">
  <testcase name="findEmployeeBySsn" time="0.000" classname="com.spring.test.service.EmployeeServiceImplTest"/>
  <testcase name="findAllEmployees" time="0.000" classname="com.spring.test.service.EmployeeServiceImplTest"/>
  <testcase name="deleteEmployeeBySsn" time="0.000" classname="com.spring.test.service.EmployeeServiceImplTest"/>
  <testcase name="updateEmployee" time="0.001" classname="com.spring.test.service.EmployeeServiceImplTest"/>
  <testcase name="findById" time="0.000" classname="com.spring.test.service.EmployeeServiceImplTest"/>
  <testcase name="isEmployeeSsnUnique" time="0.000" classname="com.spring.test.service.EmployeeServiceImplTest"/>
  <testcase name="saveEmployee" time="0.016" classname="com.spring.test.service.EmployeeServiceImplTest"/>
</testsuite> <!-- com.spring.test.service.EmployeeServiceImplTest -->
